<?xml version="1.0" encoding="UTF-8"?>
<!-- Generated by org.testng.reporters.JUnitReportReporter -->
<testsuite hostname="DESKTOP-O5MDK6V" failures="0" tests="1" name="tests2.LoginTest" time="4.709" errors="0" timestamp="2022-07-26T16:53:07 IST" skipped="0">
  <testcase classname="tests2.LoginTest" name="login" time="4.709"/>
  <system-out/>
</testsuite> <!-- tests2.LoginTest -->
